<?xml version="1.0" encoding="UTF-8"?>
<coverage generated="1719053463554" clover="3.2.0">
  <project timestamp="1719053463554" name="All files">
    <metrics statements="66" coveredstatements="56" conditionals="11" coveredconditionals="7" methods="16" coveredmethods="12" elements="93" coveredelements="75" complexity="0" loc="66" ncloc="66" packages="1" files="5" classes="5"/>
    <file name="main.ts" path="/home/shon/personal/obsidian-note-api/src/main.ts">
      <metrics statements="16" coveredstatements="16" conditionals="2" coveredconditionals="2" methods="6" coveredmethods="6"/>
      <line num="1" count="1" type="stmt"/>
      <line num="2" count="1" type="stmt"/>
      <line num="3" count="1" type="stmt"/>
      <line num="4" count="1" type="stmt"/>
      <line num="6" count="1" type="stmt"/>
      <line num="7" count="6" type="stmt"/>
      <line num="11" count="3" type="stmt"/>
      <line num="12" count="3" type="stmt"/>
      <line num="13" count="3" type="stmt"/>
      <line num="17" count="1" type="cond" truecount="1" falsecount="0"/>
      <line num="18" count="1" type="stmt"/>
      <line num="23" count="1" type="stmt"/>
      <line num="27" count="4" type="cond" truecount="1" falsecount="0"/>
      <line num="28" count="1" type="stmt"/>
      <line num="30" count="4" type="stmt"/>
      <line num="34" count="1" type="stmt"/>
    </file>
    <file name="prismLanguages.ts" path="/home/shon/personal/obsidian-note-api/src/prismLanguages.ts">
      <metrics statements="1" coveredstatements="1" conditionals="0" coveredconditionals="0" methods="0" coveredmethods="0"/>
      <line num="1" count="1" type="stmt"/>
    </file>
    <file name="schema.ts" path="/home/shon/personal/obsidian-note-api/src/schema.ts">
      <metrics statements="15" coveredstatements="15" conditionals="6" coveredconditionals="5" methods="1" coveredmethods="1"/>
      <line num="1" count="2" type="stmt"/>
      <line num="2" count="2" type="stmt"/>
      <line num="4" count="2" type="stmt"/>
      <line num="15" count="2" type="stmt"/>
      <line num="18" count="6" type="cond" truecount="1" falsecount="1"/>
      <line num="19" count="6" type="stmt"/>
      <line num="20" count="5" type="cond" truecount="4" falsecount="0"/>
      <line num="21" count="3" type="stmt"/>
      <line num="22" count="3" type="stmt"/>
      <line num="23" count="2" type="stmt"/>
      <line num="24" count="2" type="stmt"/>
      <line num="26" count="1" type="stmt"/>
      <line num="27" count="1" type="stmt"/>
      <line num="30" count="2" type="stmt"/>
      <line num="31" count="2" type="stmt"/>
    </file>
    <file name="server.ts" path="/home/shon/personal/obsidian-note-api/src/server.ts">
      <metrics statements="28" coveredstatements="18" conditionals="3" coveredconditionals="0" methods="7" coveredmethods="3"/>
      <line num="1" count="1" type="stmt"/>
      <line num="2" count="1" type="stmt"/>
      <line num="3" count="1" type="stmt"/>
      <line num="4" count="1" type="stmt"/>
      <line num="5" count="1" type="stmt"/>
      <line num="8" count="1" type="stmt"/>
      <line num="10" count="1" type="stmt"/>
      <line num="11" count="2" type="stmt"/>
      <line num="12" count="2" type="stmt"/>
      <line num="15" count="2" type="stmt"/>
      <line num="16" count="0" type="stmt"/>
      <line num="17" count="0" type="stmt"/>
      <line num="19" count="0" type="stmt"/>
      <line num="24" count="2" type="stmt"/>
      <line num="26" count="0" type="cond" truecount="0" falsecount="3"/>
      <line num="27" count="0" type="stmt"/>
      <line num="28" count="0" type="stmt"/>
      <line num="31" count="0" type="stmt"/>
      <line num="36" count="2" type="stmt"/>
      <line num="39" count="0" type="stmt"/>
      <line num="41" count="0" type="stmt"/>
      <line num="42" count="0" type="stmt"/>
      <line num="47" count="2" type="stmt"/>
      <line num="48" count="2" type="stmt"/>
      <line num="50" count="2" type="stmt"/>
      <line num="51" count="1" type="stmt"/>
      <line num="54" count="2" type="stmt"/>
      <line num="55" count="2" type="stmt"/>
    </file>
    <file name="settings.ts" path="/home/shon/personal/obsidian-note-api/src/settings.ts">
      <metrics statements="6" coveredstatements="6" conditionals="0" coveredconditionals="0" methods="2" coveredmethods="2"/>
      <line num="8" count="1" type="stmt"/>
      <line num="13" count="1" type="stmt"/>
      <line num="14" count="2" type="stmt"/>
      <line num="15" count="2" type="stmt"/>
      <line num="18" count="1" type="stmt"/>
      <line num="19" count="1" type="stmt"/>
    </file>
  </project>
</coverage>
