{"/home/shon/personal/obsidian-note-api/src/main.ts": {"path":"/home/shon/personal/obsidian-note-api/src/main.ts","statementMap":{"0":{"start":{"line":1,"column":0},"end":{"line":1,"column":34}},"1":{"start":{"line":2,"column":0},"end":{"line":2,"column":99}},"2":{"start":{"line":3,"column":0},"end":{"line":3,"column":58}},"3":{"start":{"line":4,"column":0},"end":{"line":4,"column":43}},"4":{"start":{"line":7,"column":2},"end":{"line":7,"column":55}},"5":{"start":{"line":11,"column":4},"end":{"line":11,"column":45}},"6":{"start":{"line":12,"column":4},"end":{"line":12,"column":70}},"7":{"start":{"line":13,"column":4},"end":{"line":13,"column":33}},"8":{"start":{"line":17,"column":4},"end":{"line":19,"column":5}},"9":{"start":{"line":18,"column":6},"end":{"line":18,"column":26}},"10":{"start":{"line":23,"column":4},"end":{"line":23,"column":44}},"11":{"start":{"line":27,"column":4},"end":{"line":29,"column":5}},"12":{"start":{"line":28,"column":6},"end":{"line":28,"column":26}},"13":{"start":{"line":30,"column":4},"end":{"line":30,"column":47}},"14":{"start":{"line":34,"column":4},"end":{"line":34,"column":33}},"15":{"start":{"line":6,"column":0},"end":{"line":6,"column":21}}},"fnMap":{"0":{"name":"(anonymous_0)","decl":{"start":{"line":6,"column":0},"end":{"line":6,"column":21}},"loc":{"start":{"line":6,"column":0},"end":{"line":36,"column":1}}},"1":{"name":"(anonymous_1)","decl":{"start":{"line":10,"column":2},"end":{"line":10,"column":7}},"loc":{"start":{"line":10,"column":14},"end":{"line":14,"column":3}}},"2":{"name":"(anonymous_2)","decl":{"start":{"line":16,"column":2},"end":{"line":16,"column":10}},"loc":{"start":{"line":16,"column":10},"end":{"line":20,"column":3}}},"3":{"name":"(anonymous_3)","decl":{"start":{"line":22,"column":2},"end":{"line":22,"column":7}},"loc":{"start":{"line":22,"column":20},"end":{"line":24,"column":3}}},"4":{"name":"(anonymous_4)","decl":{"start":{"line":26,"column":2},"end":{"line":26,"column":7}},"loc":{"start":{"line":26,"column":23},"end":{"line":31,"column":3}}},"5":{"name":"(anonymous_5)","decl":{"start":{"line":33,"column":2},"end":{"line":33,"column":7}},"loc":{"start":{"line":33,"column":21},"end":{"line":35,"column":3}}}},"branchMap":{"0":{"loc":{"start":{"line":17,"column":4},"end":{"line":19,"column":5}},"type":"if","locations":[{"start":{"line":17,"column":4},"end":{"line":19,"column":5}}]},"1":{"loc":{"start":{"line":27,"column":4},"end":{"line":29,"column":5}},"type":"if","locations":[{"start":{"line":27,"column":4},"end":{"line":29,"column":5}}]}},"s":{"0":1,"1":1,"2":1,"3":1,"4":6,"5":3,"6":3,"7":3,"8":1,"9":1,"10":1,"11":4,"12":1,"13":4,"14":1,"15":1},"f":{"0":6,"1":3,"2":1,"3":1,"4":4,"5":1},"b":{"0":[1],"1":[1]}}
,"/home/shon/personal/obsidian-note-api/src/prismLanguages.ts": {"path":"/home/shon/personal/obsidian-note-api/src/prismLanguages.ts","statementMap":{"0":{"start":{"line":1,"column":13},"end":{"line":20,"column":4}}},"fnMap":{},"branchMap":{},"s":{"0":1},"f":{},"b":{}}
,"/home/shon/personal/obsidian-note-api/src/schema.ts": {"path":"/home/shon/personal/obsidian-note-api/src/schema.ts","statementMap":{"0":{"start":{"line":1,"column":0},"end":{"line":1,"column":44}},"1":{"start":{"line":2,"column":0},"end":{"line":2,"column":33}},"2":{"start":{"line":4,"column":13},"end":{"line":13,"column":2}},"3":{"start":{"line":15,"column":13},"end":{"line":35,"column":2}},"4":{"start":{"line":18,"column":23},"end":{"line":18,"column":65}},"5":{"start":{"line":19,"column":19},"end":{"line":19,"column":81}},"6":{"start":{"line":20,"column":6},"end":{"line":32,"column":7}},"7":{"start":{"line":21,"column":8},"end":{"line":28,"column":9}},"8":{"start":{"line":22,"column":26},"end":{"line":22,"column":73}},"9":{"start":{"line":23,"column":30},"end":{"line":23,"column":60}},"10":{"start":{"line":24,"column":10},"end":{"line":24,"column":48}},"11":{"start":{"line":26,"column":10},"end":{"line":26,"column":52}},"12":{"start":{"line":27,"column":10},"end":{"line":27,"column":48}},"13":{"start":{"line":30,"column":8},"end":{"line":30,"column":40}},"14":{"start":{"line":31,"column":8},"end":{"line":31,"column":42}}},"fnMap":{"0":{"name":"(anonymous_0)","decl":{"start":{"line":17,"column":10},"end":{"line":17,"column":15}},"loc":{"start":{"line":17,"column":77},"end":{"line":33,"column":5}}}},"branchMap":{"0":{"loc":{"start":{"line":18,"column":23},"end":{"line":18,"column":65}},"type":"cond-expr","locations":[{"start":{"line":18,"column":46},"end":{"line":18,"column":50}},{"start":{"line":18,"column":53},"end":{"line":18,"column":65}}]},"1":{"loc":{"start":{"line":20,"column":6},"end":{"line":32,"column":7}},"type":"if","locations":[{"start":{"line":20,"column":6},"end":{"line":32,"column":7}},{"start":{"line":29,"column":13},"end":{"line":32,"column":7}}]},"2":{"loc":{"start":{"line":20,"column":10},"end":{"line":20,"column":39}},"type":"binary-expr","locations":[{"start":{"line":20,"column":10},"end":{"line":20,"column":14}},{"start":{"line":20,"column":18},"end":{"line":20,"column":39}}]}},"s":{"0":2,"1":2,"2":2,"3":2,"4":6,"5":6,"6":5,"7":3,"8":3,"9":2,"10":2,"11":1,"12":1,"13":2,"14":2},"f":{"0":6},"b":{"0":[0,6],"1":[3,2],"2":[5,3]}}
,"/home/shon/personal/obsidian-note-api/src/server.ts": {"path":"/home/shon/personal/obsidian-note-api/src/server.ts","statementMap":{"0":{"start":{"line":10,"column":0},"end":{"line":10,"column":7}},"1":{"start":{"line":1,"column":0},"end":{"line":1,"column":30}},"2":{"start":{"line":2,"column":0},"end":{"line":2,"column":53}},"3":{"start":{"line":3,"column":0},"end":{"line":3,"column":37}},"4":{"start":{"line":4,"column":0},"end":{"line":4,"column":56}},"5":{"start":{"line":5,"column":0},"end":{"line":5,"column":47}},"6":{"start":{"line":8,"column":0},"end":{"line":8,"column":28}},"7":{"start":{"line":11,"column":14},"end":{"line":11,"column":23}},"8":{"start":{"line":12,"column":15},"end":{"line":12,"column":28}},"9":{"start":{"line":15,"column":2},"end":{"line":21,"column":3}},"10":{"start":{"line":16,"column":4},"end":{"line":20,"column":5}},"11":{"start":{"line":17,"column":6},"end":{"line":17,"column":55}},"12":{"start":{"line":17,"column":53},"end":{"line":17,"column":54}},"13":{"start":{"line":19,"column":6},"end":{"line":19,"column":70}},"14":{"start":{"line":24,"column":26},"end":{"line":33,"column":37}},"15":{"start":{"line":26,"column":6},"end":{"line":30,"column":7}},"16":{"start":{"line":27,"column":8},"end":{"line":29,"column":23}},"17":{"start":{"line":28,"column":10},"end":{"line":28,"column":121}},"18":{"start":{"line":31,"column":6},"end":{"line":31,"column":94}},"19":{"start":{"line":36,"column":17},"end":{"line":44,"column":4}},"20":{"start":{"line":39,"column":20},"end":{"line":39,"column":61}},"21":{"start":{"line":41,"column":6},"end":{"line":41,"column":43}},"22":{"start":{"line":42,"column":6},"end":{"line":42,"column":17}},"23":{"start":{"line":47,"column":2},"end":{"line":47,"column":23}},"24":{"start":{"line":48,"column":2},"end":{"line":48,"column":34}},"25":{"start":{"line":50,"column":2},"end":{"line":52,"column":5}},"26":{"start":{"line":51,"column":4},"end":{"line":51,"column":78}},"27":{"start":{"line":54,"column":2},"end":{"line":56,"column":5}},"28":{"start":{"line":55,"column":4},"end":{"line":55,"column":88}}},"fnMap":{"0":{"name":"startHttpServer","decl":{"start":{"line":10,"column":22},"end":{"line":10,"column":37}},"loc":{"start":{"line":10,"column":96},"end":{"line":57,"column":1}}},"1":{"name":"(anonymous_8)","decl":{"start":{"line":17,"column":53},"end":{"line":17,"column":54}},"loc":{"start":{"line":17,"column":53},"end":{"line":17,"column":54}}},"2":{"name":"(anonymous_9)","decl":{"start":{"line":25,"column":15},"end":{"line":25,"column":16}},"loc":{"start":{"line":25,"column":29},"end":{"line":32,"column":5}}},"3":{"name":"(anonymous_10)","decl":{"start":{"line":39,"column":13},"end":{"line":39,"column":16}},"loc":{"start":{"line":39,"column":20},"end":{"line":39,"column":61}}},"4":{"name":"(anonymous_11)","decl":{"start":{"line":40,"column":17},"end":{"line":40,"column":18}},"loc":{"start":{"line":40,"column":25},"end":{"line":43,"column":5}}},"5":{"name":"(anonymous_12)","decl":{"start":{"line":50,"column":15},"end":{"line":50,"column":16}},"loc":{"start":{"line":50,"column":28},"end":{"line":52,"column":3}}},"6":{"name":"(anonymous_13)","decl":{"start":{"line":54,"column":35},"end":{"line":54,"column":38}},"loc":{"start":{"line":54,"column":40},"end":{"line":56,"column":3}}}},"branchMap":{"0":{"loc":{"start":{"line":26,"column":6},"end":{"line":30,"column":7}},"type":"if","locations":[{"start":{"line":26,"column":6},"end":{"line":30,"column":7}}]},"1":{"loc":{"start":{"line":26,"column":10},"end":{"line":26,"column":39}},"type":"binary-expr","locations":[{"start":{"line":26,"column":10},"end":{"line":26,"column":14}},{"start":{"line":26,"column":18},"end":{"line":26,"column":39}}]}},"s":{"0":1,"1":1,"2":1,"3":1,"4":1,"5":1,"6":1,"7":2,"8":2,"9":2,"10":0,"11":0,"12":0,"13":0,"14":2,"15":0,"16":0,"17":0,"18":0,"19":2,"20":0,"21":0,"22":0,"23":2,"24":2,"25":2,"26":1,"27":2,"28":2},"f":{"0":2,"1":0,"2":0,"3":0,"4":0,"5":1,"6":2},"b":{"0":[0],"1":[0,0]}}
,"/home/shon/personal/obsidian-note-api/src/settings.ts": {"path":"/home/shon/personal/obsidian-note-api/src/settings.ts","statementMap":{"0":{"start":{"line":13,"column":0},"end":{"line":13,"column":7}},"1":{"start":{"line":18,"column":0},"end":{"line":18,"column":7}},"2":{"start":{"line":8,"column":13},"end":{"line":11,"column":2}},"3":{"start":{"line":14,"column":21},"end":{"line":14,"column":44}},"4":{"start":{"line":15,"column":2},"end":{"line":15,"column":57}},"5":{"start":{"line":19,"column":2},"end":{"line":19,"column":34}}},"fnMap":{"0":{"name":"loadSettings","decl":{"start":{"line":13,"column":22},"end":{"line":13,"column":34}},"loc":{"start":{"line":13,"column":49},"end":{"line":16,"column":1}}},"1":{"name":"saveSettings","decl":{"start":{"line":18,"column":22},"end":{"line":18,"column":34}},"loc":{"start":{"line":18,"column":84},"end":{"line":20,"column":1}}}},"branchMap":{},"s":{"0":1,"1":1,"2":1,"3":2,"4":2,"5":1},"f":{"0":2,"1":1},"b":{}}
}
