TN:
SF:src/main.ts
FN:6,(anonymous_0)
FN:10,(anonymous_1)
FN:16,(anonymous_2)
FN:22,(anonymous_3)
FN:26,(anonymous_4)
FN:33,(anonymous_5)
FNF:6
FNH:6
FNDA:6,(anonymous_0)
FNDA:3,(anonymous_1)
FNDA:1,(anonymous_2)
FNDA:1,(anonymous_3)
FNDA:4,(anonymous_4)
FNDA:1,(anonymous_5)
DA:1,1
DA:2,1
DA:3,1
DA:4,1
DA:6,1
DA:7,6
DA:11,3
DA:12,3
DA:13,3
DA:17,1
DA:18,1
DA:23,1
DA:27,4
DA:28,1
DA:30,4
DA:34,1
LF:16
LH:16
BRDA:17,0,0,1
BRDA:27,1,0,1
BRF:2
BRH:2
end_of_record
TN:
SF:src/prismLanguages.ts
FNF:0
FNH:0
DA:1,1
LF:1
LH:1
BRF:0
BRH:0
end_of_record
TN:
SF:src/schema.ts
FN:17,(anonymous_0)
FNF:1
FNH:1
FNDA:6,(anonymous_0)
DA:1,2
DA:2,2
DA:4,2
DA:15,2
DA:18,6
DA:19,6
DA:20,5
DA:21,3
DA:22,3
DA:23,2
DA:24,2
DA:26,1
DA:27,1
DA:30,2
DA:31,2
LF:15
LH:15
BRDA:18,0,0,0
BRDA:18,0,1,6
BRDA:20,1,0,3
BRDA:20,1,1,2
BRDA:20,2,0,5
BRDA:20,2,1,3
BRF:6
BRH:5
end_of_record
TN:
SF:src/server.ts
FN:10,startHttpServer
FN:17,(anonymous_8)
FN:25,(anonymous_9)
FN:39,(anonymous_10)
FN:40,(anonymous_11)
FN:50,(anonymous_12)
FN:54,(anonymous_13)
FNF:7
FNH:3
FNDA:2,startHttpServer
FNDA:0,(anonymous_8)
FNDA:0,(anonymous_9)
FNDA:0,(anonymous_10)
FNDA:0,(anonymous_11)
FNDA:1,(anonymous_12)
FNDA:2,(anonymous_13)
DA:1,1
DA:2,1
DA:3,1
DA:4,1
DA:5,1
DA:8,1
DA:10,1
DA:11,2
DA:12,2
DA:15,2
DA:16,0
DA:17,0
DA:19,0
DA:24,2
DA:26,0
DA:27,0
DA:28,0
DA:31,0
DA:36,2
DA:39,0
DA:41,0
DA:42,0
DA:47,2
DA:48,2
DA:50,2
DA:51,1
DA:54,2
DA:55,2
LF:28
LH:18
BRDA:26,0,0,0
BRDA:26,1,0,0
BRDA:26,1,1,0
BRF:3
BRH:0
end_of_record
TN:
SF:src/settings.ts
FN:13,loadSettings
FN:18,saveSettings
FNF:2
FNH:2
FNDA:2,loadSettings
FNDA:1,saveSettings
DA:8,1
DA:13,1
DA:14,2
DA:15,2
DA:18,1
DA:19,1
LF:6
LH:6
BRF:0
BRH:0
end_of_record
